{
  "stats": {
    "suites": 0,
    "tests": 3,
    "passes": 3,
    "pending": 0,
    "failures": 0,
    "start": "2025-04-01T13:38:50.145Z",
    "end": "2025-04-01T13:38:50.392Z",
    "duration": 247,
    "testsRegistered": 3,
    "passPercent": 100,
    "pendingPercent": 0,
    "other": 0,
    "hasOther": false,
    "skipped": 0,
    "hasSkipped": false
  },
  "results": [
    {
      "uuid": "ffd02d69-b05a-4ee3-b3d8-2eb7e2e4ccee",
      "title": "",
      "fullFile": "cypress\\e2e\\readWriteFilesDemo.cy.js",
      "file": "cypress\\e2e\\readWriteFilesDemo.cy.js",
      "beforeHooks": [],
      "afterHooks": [],
      "tests": [
        {
          "title": "Read File using fixture",
          "fullTitle": "Read File using fixture",
          "timedOut": null,
          "duration": 93,
          "state": "passed",
          "speed": "fast",
          "pass": true,
          "fail": false,
          "pending": false,
          "context": null,
          "code": "cy.fixture('example.json').then(data => {\n  cy.log(data.name);\n  cy.log(data.email);\n});\ncy.log(this.test_data.name);",
          "err": {},
          "uuid": "95240cde-8525-4aa4-86d2-d1e6df5e9c6c",
          "parentUUID": "ffd02d69-b05a-4ee3-b3d8-2eb7e2e4ccee",
          "isHook": false,
          "skipped": false
        },
        {
          "title": "Readfile Function test",
          "fullTitle": "Readfile Function test",
          "timedOut": null,
          "duration": 46,
          "state": "passed",
          "speed": "fast",
          "pass": true,
          "fail": false,
          "pending": false,
          "context": null,
          "code": "cy.readFile('./cypress/fixtures/example.json').then(data => {\n  cy.log(data.name);\n});",
          "err": {},
          "uuid": "dd323bed-ca6d-4405-b5dd-1af02ee58ffa",
          "parentUUID": "ffd02d69-b05a-4ee3-b3d8-2eb7e2e4ccee",
          "isHook": false,
          "skipped": false
        },
        {
          "title": "WriteFile fuction test",
          "fullTitle": "WriteFile fuction test",
          "timedOut": null,
          "duration": 43,
          "state": "passed",
          "speed": "fast",
          "pass": true,
          "fail": false,
          "pending": false,
          "context": null,
          "code": "cy.writeFile('sample.txt', 'hello,sakib\\n');\ncy.writeFile('sample.txt', 'what are you doing?', {\n  flag: 'a+'\n});",
          "err": {},
          "uuid": "a12527ac-2b85-450d-8d66-276e87acccdb",
          "parentUUID": "ffd02d69-b05a-4ee3-b3d8-2eb7e2e4ccee",
          "isHook": false,
          "skipped": false
        }
      ],
      "suites": [],
      "passes": [
        "95240cde-8525-4aa4-86d2-d1e6df5e9c6c",
        "dd323bed-ca6d-4405-b5dd-1af02ee58ffa",
        "a12527ac-2b85-450d-8d66-276e87acccdb"
      ],
      "failures": [],
      "pending": [],
      "skipped": [],
      "duration": 182,
      "root": true,
      "rootEmpty": false,
      "_timeout": 2000
    }
  ],
  "meta": {
    "mocha": {
      "version": "7.0.1"
    },
    "mochawesome": {
      "options": {
        "quiet": false,
        "reportFilename": "mochawesome",
        "saveHtml": false,
        "saveJson": true,
        "consoleReporter": "spec",
        "useInlineDiffs": false,
        "code": true
      },
      "version": "7.1.3"
    },
    "marge": {
      "options": {
        "charts": true,
        "overwrite": false,
        "html": false,
        "json": true,
        "reportDir": " cypress/reports"
      },
      "version": "6.2.0"
    }
  }
}