{
  "stats": {
    "suites": 0,
    "tests": 2,
    "passes": 2,
    "pending": 0,
    "failures": 0,
    "start": "2025-04-01T13:38:17.433Z",
    "end": "2025-04-01T13:38:21.275Z",
    "duration": 3842,
    "testsRegistered": 2,
    "passPercent": 100,
    "pendingPercent": 0,
    "other": 0,
    "hasOther": false,
    "skipped": 0,
    "hasSkipped": false
  },
  "results": [
    {
      "uuid": "4f421dfc-024b-4260-a160-bfac603bb7e6",
      "title": "",
      "fullFile": "cypress\\e2e\\fileUploadDownload.cy.js",
      "file": "cypress\\e2e\\fileUploadDownload.cy.js",
      "beforeHooks": [],
      "afterHooks": [],
      "tests": [
        {
          "title": "File Upload test",
          "fullTitle": "File Upload test",
          "timedOut": null,
          "duration": 335,
          "state": "passed",
          "speed": "fast",
          "pass": true,
          "fail": false,
          "pending": false,
          "context": null,
          "code": "cy.visit('https://trytestingthis.netlify.app/');\ncy.get('#myfile').attachFile('sakib.jpg');",
          "err": {},
          "uuid": "90beb24e-5a87-412b-93e0-d356f2092217",
          "parentUUID": "4f421dfc-024b-4260-a160-bfac603bb7e6",
          "isHook": false,
          "skipped": false
        },
        {
          "title": "File download test",
          "fullTitle": "File download test",
          "timedOut": null,
          "duration": 441,
          "state": "passed",
          "speed": "fast",
          "pass": true,
          "fail": false,
          "pending": false,
          "context": null,
          "code": "cy.downloadFile('https://upload.wikimedia.org/wikipedia/en/a/a9/Example.jpg', 'mydownloads', 'example.jpg');",
          "err": {},
          "uuid": "40b5de41-7698-4b87-a973-0853aea6463c",
          "parentUUID": "4f421dfc-024b-4260-a160-bfac603bb7e6",
          "isHook": false,
          "skipped": false
        }
      ],
      "suites": [],
      "passes": [
        "90beb24e-5a87-412b-93e0-d356f2092217",
        "40b5de41-7698-4b87-a973-0853aea6463c"
      ],
      "failures": [],
      "pending": [],
      "skipped": [],
      "duration": 776,
      "root": true,
      "rootEmpty": false,
      "_timeout": 2000
    }
  ],
  "meta": {
    "mocha": {
      "version": "7.0.1"
    },
    "mochawesome": {
      "options": {
        "quiet": false,
        "reportFilename": "mochawesome",
        "saveHtml": false,
        "saveJson": true,
        "consoleReporter": "spec",
        "useInlineDiffs": false,
        "code": true
      },
      "version": "7.1.3"
    },
    "marge": {
      "options": {
        "charts": true,
        "overwrite": false,
        "html": false,
        "json": true,
        "reportDir": " cypress/reports"
      },
      "version": "6.2.0"
    }
  }
}