{
  "stats": {
    "suites": 0,
    "tests": 2,
    "passes": 2,
    "pending": 0,
    "failures": 0,
    "start": "2025-04-20T10:16:42.893Z",
    "end": "2025-04-20T10:16:47.408Z",
    "duration": 4515,
    "testsRegistered": 2,
    "passPercent": 100,
    "pendingPercent": 0,
    "other": 0,
    "hasOther": false,
    "skipped": 0,
    "hasSkipped": false
  },
  "results": [
    {
      "uuid": "f9698a9f-7530-48e6-a5ef-a20f98ad665e",
      "title": "",
      "fullFile": "cypress\\e2e\\fileUploadDownload.cy.js",
      "file": "cypress\\e2e\\fileUploadDownload.cy.js",
      "beforeHooks": [],
      "afterHooks": [],
      "tests": [
        {
          "title": "File Upload test",
          "fullTitle": "File Upload test",
          "timedOut": null,
          "duration": 632,
          "state": "passed",
          "speed": "fast",
          "pass": true,
          "fail": false,
          "pending": false,
          "context": null,
          "code": "cy.visit('https://trytestingthis.netlify.app/');\ncy.get('#myfile').attachFile('sakib.jpg');",
          "err": {},
          "uuid": "3be4742c-c9a5-4b08-b7c7-7497a174ea62",
          "parentUUID": "f9698a9f-7530-48e6-a5ef-a20f98ad665e",
          "isHook": false,
          "skipped": false
        },
        {
          "title": "File download test",
          "fullTitle": "File download test",
          "timedOut": null,
          "duration": 537,
          "state": "passed",
          "speed": "fast",
          "pass": true,
          "fail": false,
          "pending": false,
          "context": null,
          "code": "cy.downloadFile('https://upload.wikimedia.org/wikipedia/en/a/a9/Example.jpg', 'mydownloads', 'example.jpg');",
          "err": {},
          "uuid": "9958ed7c-c492-4499-b132-f24936af89a7",
          "parentUUID": "f9698a9f-7530-48e6-a5ef-a20f98ad665e",
          "isHook": false,
          "skipped": false
        }
      ],
      "suites": [],
      "passes": [
        "3be4742c-c9a5-4b08-b7c7-7497a174ea62",
        "9958ed7c-c492-4499-b132-f24936af89a7"
      ],
      "failures": [],
      "pending": [],
      "skipped": [],
      "duration": 1169,
      "root": true,
      "rootEmpty": false,
      "_timeout": 2000
    }
  ],
  "meta": {
    "mocha": {
      "version": "7.0.1"
    },
    "mochawesome": {
      "options": {
        "quiet": false,
        "reportFilename": "mochawesome",
        "saveHtml": false,
        "saveJson": true,
        "consoleReporter": "spec",
        "useInlineDiffs": false,
        "code": true
      },
      "version": "7.1.3"
    },
    "marge": {
      "options": {
        "charts": true,
        "overwrite": false,
        "html": false,
        "json": true,
        "reportDir": "cypress/reports"
      },
      "version": "6.2.0"
    }
  }
}