{
  "stats": {
    "suites": 0,
    "tests": 3,
    "passes": 3,
    "pending": 0,
    "failures": 0,
    "start": "2025-04-20T10:17:18.575Z",
    "end": "2025-04-20T10:17:18.866Z",
    "duration": 291,
    "testsRegistered": 3,
    "passPercent": 100,
    "pendingPercent": 0,
    "other": 0,
    "hasOther": false,
    "skipped": 0,
    "hasSkipped": false
  },
  "results": [
    {
      "uuid": "2e71cbf3-873b-44ed-a65e-d953547822f0",
      "title": "",
      "fullFile": "cypress\\e2e\\readWriteFilesDemo.cy.js",
      "file": "cypress\\e2e\\readWriteFilesDemo.cy.js",
      "beforeHooks": [],
      "afterHooks": [],
      "tests": [
        {
          "title": "Read File using fixture",
          "fullTitle": "Read File using fixture",
          "timedOut": null,
          "duration": 98,
          "state": "passed",
          "speed": "fast",
          "pass": true,
          "fail": false,
          "pending": false,
          "context": null,
          "code": "cy.fixture('example.json').then(data => {\n  cy.log(data.name);\n  cy.log(data.email);\n});\ncy.log(this.test_data.name);",
          "err": {},
          "uuid": "dbd7668f-ae40-4aa2-9d4f-e42651e85ec0",
          "parentUUID": "2e71cbf3-873b-44ed-a65e-d953547822f0",
          "isHook": false,
          "skipped": false
        },
        {
          "title": "Readfile Function test",
          "fullTitle": "Readfile Function test",
          "timedOut": null,
          "duration": 67,
          "state": "passed",
          "speed": "fast",
          "pass": true,
          "fail": false,
          "pending": false,
          "context": null,
          "code": "cy.readFile('./cypress/fixtures/example.json').then(data => {\n  cy.log(data.name);\n});",
          "err": {},
          "uuid": "952f30ae-697d-48fc-9d08-08753fd58c85",
          "parentUUID": "2e71cbf3-873b-44ed-a65e-d953547822f0",
          "isHook": false,
          "skipped": false
        },
        {
          "title": "WriteFile fuction test",
          "fullTitle": "WriteFile fuction test",
          "timedOut": null,
          "duration": 60,
          "state": "passed",
          "speed": "fast",
          "pass": true,
          "fail": false,
          "pending": false,
          "context": null,
          "code": "cy.writeFile('sample.txt', 'hello,sakib\\n');\ncy.writeFile('sample.txt', 'what are you doing?', {\n  flag: 'a+'\n});",
          "err": {},
          "uuid": "e183a3bd-382a-4494-81ae-7ed25b9cf6d2",
          "parentUUID": "2e71cbf3-873b-44ed-a65e-d953547822f0",
          "isHook": false,
          "skipped": false
        }
      ],
      "suites": [],
      "passes": [
        "dbd7668f-ae40-4aa2-9d4f-e42651e85ec0",
        "952f30ae-697d-48fc-9d08-08753fd58c85",
        "e183a3bd-382a-4494-81ae-7ed25b9cf6d2"
      ],
      "failures": [],
      "pending": [],
      "skipped": [],
      "duration": 225,
      "root": true,
      "rootEmpty": false,
      "_timeout": 2000
    }
  ],
  "meta": {
    "mocha": {
      "version": "7.0.1"
    },
    "mochawesome": {
      "options": {
        "quiet": false,
        "reportFilename": "mochawesome",
        "saveHtml": false,
        "saveJson": true,
        "consoleReporter": "spec",
        "useInlineDiffs": false,
        "code": true
      },
      "version": "7.1.3"
    },
    "marge": {
      "options": {
        "charts": true,
        "overwrite": false,
        "html": false,
        "json": true,
        "reportDir": "cypress/reports"
      },
      "version": "6.2.0"
    }
  }
}