{
  "stats": {
    "suites": 0,
    "tests": 1,
    "passes": 1,
    "pending": 0,
    "failures": 0,
    "start": "2025-04-20T10:17:28.672Z",
    "end": "2025-04-20T10:17:37.121Z",
    "duration": 8449,
    "testsRegistered": 1,
    "passPercent": 100,
    "pendingPercent": 0,
    "other": 0,
    "hasOther": false,
    "skipped": 0,
    "hasSkipped": false
  },
  "results": [
    {
      "uuid": "f54cca93-2a2f-40d3-a84a-435510d2c951",
      "title": "",
      "fullFile": "cypress\\e2e\\test1.cy.js",
      "file": "cypress\\e2e\\test1.cy.js",
      "beforeHooks": [],
      "afterHooks": [],
      "tests": [
        {
          "title": "Google Search",
          "fullTitle": "Google Search",
          "timedOut": null,
          "duration": 5576,
          "state": "passed",
          "speed": "medium",
          "pass": true,
          "fail": false,
          "pending": false,
          "context": null,
          "code": "cy.visit('https://www.google.com/');\ncy.get('#APjFqb').type('Automation step by step{Enter}');\n// cy.contains('Google Search').click()\ncy.get('[data-hveid=\"CBgQAA\"] > .nPDzT > .YmvwI');",
          "err": {},
          "uuid": "b7a86e3b-8a9f-472f-a06e-0a48a38a7900",
          "parentUUID": "f54cca93-2a2f-40d3-a84a-435510d2c951",
          "isHook": false,
          "skipped": false
        }
      ],
      "suites": [],
      "passes": [
        "b7a86e3b-8a9f-472f-a06e-0a48a38a7900"
      ],
      "failures": [],
      "pending": [],
      "skipped": [],
      "duration": 5576,
      "root": true,
      "rootEmpty": false,
      "_timeout": 2000
    }
  ],
  "meta": {
    "mocha": {
      "version": "7.0.1"
    },
    "mochawesome": {
      "options": {
        "quiet": false,
        "reportFilename": "mochawesome",
        "saveHtml": false,
        "saveJson": true,
        "consoleReporter": "spec",
        "useInlineDiffs": false,
        "code": true
      },
      "version": "7.1.3"
    },
    "marge": {
      "options": {
        "charts": true,
        "overwrite": false,
        "html": false,
        "json": true,
        "reportDir": "cypress/reports"
      },
      "version": "6.2.0"
    }
  }
}