{
  "stats": {
    "suites": 0,
    "tests": 1,
    "passes": 1,
    "pending": 0,
    "failures": 0,
    "start": "2025-04-20T10:16:33.483Z",
    "end": "2025-04-20T10:16:38.422Z",
    "duration": 4939,
    "testsRegistered": 1,
    "passPercent": 100,
    "pendingPercent": 0,
    "other": 0,
    "hasOther": false,
    "skipped": 0,
    "hasSkipped": false
  },
  "results": [
    {
      "uuid": "773921bb-bda1-4c55-a772-36738063b6f8",
      "title": "",
      "fullFile": "cypress\\e2e\\assertionsdemo.cy.js",
      "file": "cypress\\e2e\\assertionsdemo.cy.js",
      "beforeHooks": [],
      "afterHooks": [],
      "tests": [
        {
          "title": "Assertions Demo",
          "fullTitle": "Assertions Demo",
          "timedOut": null,
          "duration": 1741,
          "state": "passed",
          "speed": "fast",
          "pass": true,
          "fail": false,
          "pending": false,
          "context": null,
          "code": "cy.visit('https://example.cypress.io');\n//cy.contains('Querying').click()\ncy.contains('get').click();\ncy.get('#query-btn').should('contain', 'Button').and('have.class', 'query-btn').and('be.visible').and('be.enabled');\nexpect(true).to.be.true;\nassert.equal(4, '4', 'Not Equal');\nassert.strictEqual(4, 4, 'Not Equal');",
          "err": {},
          "uuid": "9381526c-4b58-4ed1-a488-1d4389881702",
          "parentUUID": "773921bb-bda1-4c55-a772-36738063b6f8",
          "isHook": false,
          "skipped": false
        }
      ],
      "suites": [],
      "passes": [
        "9381526c-4b58-4ed1-a488-1d4389881702"
      ],
      "failures": [],
      "pending": [],
      "skipped": [],
      "duration": 1741,
      "root": true,
      "rootEmpty": false,
      "_timeout": 2000
    }
  ],
  "meta": {
    "mocha": {
      "version": "7.0.1"
    },
    "mochawesome": {
      "options": {
        "quiet": false,
        "reportFilename": "mochawesome",
        "saveHtml": false,
        "saveJson": true,
        "consoleReporter": "spec",
        "useInlineDiffs": false,
        "code": true
      },
      "version": "7.1.3"
    },
    "marge": {
      "options": {
        "charts": true,
        "overwrite": false,
        "html": false,
        "json": true,
        "reportDir": "cypress/reports"
      },
      "version": "6.2.0"
    }
  }
}